<?xml version="1.0" encoding="UTF-8"?>
<!-- Generated by org.testng.reporters.JUnitXMLReporter -->
<testsuite ignored="19" hostname="HYDNB884" failures="0" tests="1" name="Default test" time="312.774" errors="0" timestamp="2023-08-24T10:08:48 IST">
  <testcase classname="Smoke_TCs.PPRD_SmokeTCs" name="PPRD_NL_Inhouse" time="312.725"/>
  <testcase classname="Smoke_TCs.PPRD_SmokeTCs" name="MMB_PPRD_BE_B2C" time="0.0">
    <ignored/>
  </testcase> <!-- MMB_PPRD_BE_B2C -->
  <testcase classname="Smoke_TCs.PPRD_SmokeTCs" name="PPRD_MA_B2C" time="0.0">
    <ignored/>
  </testcase> <!-- PPRD_MA_B2C -->
  <testcase classname="Smoke_TCs.PPRD_SmokeTCs" name="PPRD_BE_Inhouse" time="0.0">
    <ignored/>
  </testcase> <!-- PPRD_BE_Inhouse -->
  <testcase classname="Smoke_TCs.PPRD_SmokeTCs" name="MMB_PPRD_NL_3PA" time="0.0">
    <ignored/>
  </testcase> <!-- MMB_PPRD_NL_3PA -->
  <testcase classname="Smoke_TCs.PPRD_SmokeTCs" name="PPRD_BE_B2C" time="0.0">
    <ignored/>
  </testcase> <!-- PPRD_BE_B2C -->
  <testcase classname="Smoke_TCs.PPRD_SmokeTCs" name="PPRD_MA_Inhouse" time="0.0">
    <ignored/>
  </testcase> <!-- PPRD_MA_Inhouse -->
  <testcase classname="Smoke_TCs.PPRD_SmokeTCs" name="MMB_PPRD_NL_Inhouse" time="0.0">
    <ignored/>
  </testcase> <!-- MMB_PPRD_NL_Inhouse -->
  <testcase classname="Smoke_TCs.PPRD_SmokeTCs" name="MMB_PPRD_BE_3PA" time="0.0">
    <ignored/>
  </testcase> <!-- MMB_PPRD_BE_3PA -->
  <testcase classname="Smoke_TCs.PPRD_SmokeTCs" name="MMB_PPRD_NL_B2C" time="0.0">
    <ignored/>
  </testcase> <!-- MMB_PPRD_NL_B2C -->
  <testcase classname="Smoke_TCs.PPRD_SmokeTCs" name="MMB_PPRD_MA_Inhouse" time="0.0">
    <ignored/>
  </testcase> <!-- MMB_PPRD_MA_Inhouse -->
  <testcase classname="Smoke_TCs.PPRD_SmokeTCs" name="MMB_PPRD_MA_3PA" time="0.0">
    <ignored/>
  </testcase> <!-- MMB_PPRD_MA_3PA -->
  <testcase classname="Smoke_TCs.PPRD_SmokeTCs" name="PPRD_FR_B2C" time="0.0">
    <ignored/>
  </testcase> <!-- PPRD_FR_B2C -->
  <testcase classname="Smoke_TCs.PPRD_SmokeTCs" name="PPRD_BE_3PA" time="0.0">
    <ignored/>
  </testcase> <!-- PPRD_BE_3PA -->
  <testcase classname="Smoke_TCs.PPRD_SmokeTCs" name="PPRD_NL_B2C" time="0.0">
    <ignored/>
  </testcase> <!-- PPRD_NL_B2C -->
  <testcase classname="Smoke_TCs.PPRD_SmokeTCs" name="MMB_PPRD_BE_Inhouse" time="0.0">
    <ignored/>
  </testcase> <!-- MMB_PPRD_BE_Inhouse -->
  <testcase classname="Smoke_TCs.PPRD_SmokeTCs" name="PPRD_NL_3PA" time="0.0">
    <ignored/>
  </testcase> <!-- PPRD_NL_3PA -->
  <testcase classname="Smoke_TCs.PPRD_SmokeTCs" name="MMB_PPRD_MA_B2C" time="0.0">
    <ignored/>
  </testcase> <!-- MMB_PPRD_MA_B2C -->
  <testcase classname="Smoke_TCs.PPRD_SmokeTCs" name="PPRD_MA_3PA" time="0.0">
    <ignored/>
  </testcase> <!-- PPRD_MA_3PA -->
  <testcase classname="Smoke_TCs.PPRD_SmokeTCs" name="MMB_PPRD_FR_B2C" time="0.0">
    <ignored/>
  </testcase> <!-- MMB_PPRD_FR_B2C -->
</testsuite> <!-- Default test -->
