<?xml version="1.0" encoding="UTF-8"?>
<!-- Generated by org.testng.reporters.JUnitXMLReporter -->
<testsuite ignored="19" hostname="HYDNB884" failures="1" tests="2" name="PPRD Smoketest Bookflow" time="92.648" errors="0" timestamp="2023-08-09T21:53:36 IST">
  <testcase classname="FO_Testcases.TwowayWithAdults" name="PPRD_BE_Inhouse" time="47.929">
    <skipped/>
  </testcase> <!-- PPRD_BE_Inhouse -->
  <testcase classname="FO_Testcases.TwowayWithAdults" name="PPRD_BE_Inhouse" time="44.562">
    <failure type="org.openqa.selenium.ElementClickInterceptedException" message="element click intercepted: Element &amp;lt;a id=&amp;quot;searchButton&amp;quot; href=&amp;quot;/retail/flight/nl/search?flyingFrom%5B%5D=BRU&amp;amp;amp;flyingTo%5B%5D=FUE&amp;amp;amp;depDate=2023-09-16&amp;amp;amp;adults=2&amp;amp;amp;children=0&amp;amp;amp;childAge=&amp;amp;amp;choiceSearch=true&amp;amp;amp;searchType=pricegrid&amp;amp;amp;nearByAirports=true&amp;amp;amp;currency=EUR&amp;amp;amp;isOneWay=false&amp;amp;amp;returnDate=2023-09-23&amp;quot; data-clickable=&amp;quot;true&amp;quot; class=&amp;quot;searchButton__1c113 button__e29a5 medium__e29a5 text__e29a5 normal__e29a5 uppercase__e29a5 secondary__e29a5&amp;quot;&amp;gt;...&amp;lt;/a&amp;gt; is not clickable at point (887, 182). Other element would receive the click: &amp;lt;section data-vertical=&amp;quot;&amp;quot; data-scrollbar=&amp;quot;&amp;quot; class=&amp;quot;main__e29a5 scroller__e29a5 content__c8b47 &amp;quot;&amp;gt;...&amp;lt;/section&amp;gt;
  (Session info: chrome=115.0.5790.171)
Build info: version: &amp;apos;4.10.0&amp;apos;, revision: &amp;apos;c14d967899&amp;apos;
System info: os.name: &amp;apos;Windows 11&amp;apos;, os.arch: &amp;apos;amd64&amp;apos;, os.version: &amp;apos;10.0&amp;apos;, java.version: &amp;apos;11.0.20&amp;apos;
Driver info: org.openqa.selenium.chrome.ChromeDriver
Command: [bbee4cc4a272217eb38b439315e39edb, clickElement {id=D3FD1899CAD2A787C7A10933FFD5DE41_element_190}]
Capabilities {acceptInsecureCerts: false, browserName: chrome, browserVersion: 115.0.5790.171, chrome: {chromedriverVersion: 115.0.5790.170 (cc0d30c2ca5..., userDataDir: C:\WINDOWS\SystemTemp\scope...}, goog:chromeOptions: {debuggerAddress: localhost:58941}, networkConnectionEnabled: false, pageLoadStrategy: normal, platformName: windows, proxy: Proxy(), se:cdp: ws://localhost:58941/devtoo..., se:cdpVersion: 115.0.5790.171, setWindowRect: true, strictFileInteractability: false, timeouts: {implicit: 0, pageLoad: 300000, script: 30000}, unhandledPromptBehavior: dismiss and notify, webauthn:extension:credBlob: true, webauthn:extension:largeBlob: true, webauthn:extension:minPinLength: true, webauthn:extension:prf: true, webauthn:virtualAuthenticators: true}
Element: [[org.openqa.selenium.remote.ShadowRoot@353f472a] -&amp;gt; css selector: #searchButton]
Session ID: bbee4cc4a272217eb38b439315e39edb">
      <![CDATA[org.openqa.selenium.ElementClickInterceptedException: element click intercepted: Element <a id="searchButton" href="/retail/flight/nl/search?flyingFrom%5B%5D=BRU&amp;flyingTo%5B%5D=FUE&amp;depDate=2023-09-16&amp;adults=2&amp;children=0&amp;childAge=&amp;choiceSearch=true&amp;searchType=pricegrid&amp;nearByAirports=true&amp;currency=EUR&amp;isOneWay=false&amp;returnDate=2023-09-23" data-clickable="true" class="searchButton__1c113 button__e29a5 medium__e29a5 text__e29a5 normal__e29a5 uppercase__e29a5 secondary__e29a5">...</a> is not clickable at point (887, 182). Other element would receive the click: <section data-vertical="" data-scrollbar="" class="main__e29a5 scroller__e29a5 content__c8b47 ">...</section>
  (Session info: chrome=115.0.5790.171)
Build info: version: '4.10.0', revision: 'c14d967899'
System info: os.name: 'Windows 11', os.arch: 'amd64', os.version: '10.0', java.version: '11.0.20'
Driver info: org.openqa.selenium.chrome.ChromeDriver
Command: [bbee4cc4a272217eb38b439315e39edb, clickElement {id=D3FD1899CAD2A787C7A10933FFD5DE41_element_190}]
Capabilities {acceptInsecureCerts: false, browserName: chrome, browserVersion: 115.0.5790.171, chrome: {chromedriverVersion: 115.0.5790.170 (cc0d30c2ca5..., userDataDir: C:\WINDOWS\SystemTemp\scope...}, goog:chromeOptions: {debuggerAddress: localhost:58941}, networkConnectionEnabled: false, pageLoadStrategy: normal, platformName: windows, proxy: Proxy(), se:cdp: ws://localhost:58941/devtoo..., se:cdpVersion: 115.0.5790.171, setWindowRect: true, strictFileInteractability: false, timeouts: {implicit: 0, pageLoad: 300000, script: 30000}, unhandledPromptBehavior: dismiss and notify, webauthn:extension:credBlob: true, webauthn:extension:largeBlob: true, webauthn:extension:minPinLength: true, webauthn:extension:prf: true, webauthn:virtualAuthenticators: true}
Element: [[org.openqa.selenium.remote.ShadowRoot@353f472a] -> css selector: #searchButton]
Session ID: bbee4cc4a272217eb38b439315e39edb
at org.openqa.selenium.remote.codec.w3c.W3CHttpResponseCodec.createException(W3CHttpResponseCodec.java:199)
at org.openqa.selenium.remote.codec.w3c.W3CHttpResponseCodec.decode(W3CHttpResponseCodec.java:132)
at org.openqa.selenium.remote.codec.w3c.W3CHttpResponseCodec.decode(W3CHttpResponseCodec.java:51)
at org.openqa.selenium.remote.HttpCommandExecutor.execute(HttpCommandExecutor.java:191)
at org.openqa.selenium.remote.service.DriverCommandExecutor.invokeExecute(DriverCommandExecutor.java:196)
at org.openqa.selenium.remote.service.DriverCommandExecutor.execute(DriverCommandExecutor.java:171)
at org.openqa.selenium.remote.RemoteWebDriver.execute(RemoteWebDriver.java:531)
at org.openqa.selenium.remote.RemoteWebElement.execute(RemoteWebElement.java:242)
at org.openqa.selenium.remote.RemoteWebElement.click(RemoteWebElement.java:77)
at FO_BookFlow.SearchPage.SearchButton(SearchPage.java:147)
at FO_BookFlow.SearchPage.SearchResults(SearchPage.java:154)
at FO_BookFlow.SearchPage.PassengersAdults(SearchPage.java:106)
at FO_Testcases.TwowayWithAdults.PPRD_BE_Inhouse(TwowayWithAdults.java:378)
at java.base/java.util.ArrayList.forEach(ArrayList.java:1541)
... Removed 35 stack frames]]>
    </failure>
  </testcase> <!-- PPRD_BE_Inhouse -->
  <testcase classname="FO_Testcases.TwowayWithAdults" name="PPRD_NL_3PA" time="0.0">
    <ignored/>
  </testcase> <!-- PPRD_NL_3PA -->
  <testcase classname="FO_Testcases.TwowayWithAdults" name="PPRD_FR_B2C" time="0.0">
    <ignored/>
  </testcase> <!-- PPRD_FR_B2C -->
  <testcase classname="FO_Testcases.TwowayWithAdults" name="SIT_NL_3PA" time="0.0">
    <ignored/>
  </testcase> <!-- SIT_NL_3PA -->
  <testcase classname="FO_Testcases.TwowayWithAdults" name="PPRD_MA_3PA" time="0.0">
    <ignored/>
  </testcase> <!-- PPRD_MA_3PA -->
  <testcase classname="FO_Testcases.TwowayWithAdults" name="SIT_MA_3PA" time="0.0">
    <ignored/>
  </testcase> <!-- SIT_MA_3PA -->
  <testcase classname="FO_Testcases.TwowayWithAdults" name="SIT_BE_3PA" time="0.0">
    <ignored/>
  </testcase> <!-- SIT_BE_3PA -->
  <testcase classname="FO_Testcases.TwowayWithAdults" name="PPRD_MA_B2C" time="0.0">
    <ignored/>
  </testcase> <!-- PPRD_MA_B2C -->
  <testcase classname="FO_Testcases.TwowayWithAdults" name="PPRD_NL_B2C" time="0.0">
    <ignored/>
  </testcase> <!-- PPRD_NL_B2C -->
  <testcase classname="FO_Testcases.TwowayWithAdults" name="PPRD_NL_Inhouse" time="0.0">
    <ignored/>
  </testcase> <!-- PPRD_NL_Inhouse -->
  <testcase classname="FO_Testcases.TwowayWithAdults" name="PPRD_BE_B2C" time="0.0">
    <ignored/>
  </testcase> <!-- PPRD_BE_B2C -->
  <testcase classname="FO_Testcases.TwowayWithAdults" name="SIT_NL_B2C" time="0.0">
    <ignored/>
  </testcase> <!-- SIT_NL_B2C -->
  <testcase classname="FO_Testcases.TwowayWithAdults" name="SIT_MA_Inhouse" time="0.0">
    <ignored/>
  </testcase> <!-- SIT_MA_Inhouse -->
  <testcase classname="FO_Testcases.TwowayWithAdults" name="SIT_BE_Inhouse" time="0.0">
    <ignored/>
  </testcase> <!-- SIT_BE_Inhouse -->
  <testcase classname="FO_Testcases.TwowayWithAdults" name="SIT_FR_B2C" time="0.0">
    <ignored/>
  </testcase> <!-- SIT_FR_B2C -->
  <testcase classname="FO_Testcases.TwowayWithAdults" name="SIT_NL_Inhouse" time="0.0">
    <ignored/>
  </testcase> <!-- SIT_NL_Inhouse -->
  <testcase classname="FO_Testcases.TwowayWithAdults" name="SIT_BE_B2C" time="0.0">
    <ignored/>
  </testcase> <!-- SIT_BE_B2C -->
  <testcase classname="FO_Testcases.TwowayWithAdults" name="PPRD_BE_3PA" time="0.0">
    <ignored/>
  </testcase> <!-- PPRD_BE_3PA -->
  <testcase classname="FO_Testcases.TwowayWithAdults" name="SIT_MA_B2C" time="0.0">
    <ignored/>
  </testcase> <!-- SIT_MA_B2C -->
  <testcase classname="FO_Testcases.TwowayWithAdults" name="PPRD_MA_Inhouse" time="0.0">
    <ignored/>
  </testcase> <!-- PPRD_MA_Inhouse -->
</testsuite> <!-- PPRD Smoketest Bookflow -->
