<?xml version="1.0" encoding="UTF-8"?>
<!-- Generated by org.testng.reporters.JUnitXMLReporter -->
<testsuite ignored="21" hostname="HYDNB884" failures="0" tests="1" name="B2C_Smoke" time="2.874" errors="0" timestamp="2023-07-25T10:39:00 IST">
  <testcase classname="FO_Testcases.OnewayBasicBookflow" name="SIT_BE_B2C_Test" time="1.918">
    <skipped/>
  </testcase> <!-- SIT_BE_B2C_Test -->
  <testcase classname="FO_Testcases.OnewayBasicBookflow" name="PPRD_NL_3PA" time="0.0">
    <ignored/>
  </testcase> <!-- PPRD_NL_3PA -->
  <testcase classname="FO_Testcases.OnewayBasicBookflow" name="PPRD_BE_3PA" time="0.0">
    <ignored/>
  </testcase> <!-- PPRD_BE_3PA -->
  <testcase classname="FO_Testcases.OnewayBasicBookflow" name="SIT_NL_3PA" time="0.0">
    <ignored/>
  </testcase> <!-- SIT_NL_3PA -->
  <testcase classname="FO_Testcases.OnewayBasicBookflow" name="PPRD_NL_Inhouse" time="0.0">
    <ignored/>
  </testcase> <!-- PPRD_NL_Inhouse -->
  <testcase classname="FO_Testcases.OnewayBasicBookflow" name="SIT_MA_Inhouse" time="0.0">
    <ignored/>
  </testcase> <!-- SIT_MA_Inhouse -->
  <testcase classname="FO_Testcases.OnewayBasicBookflow" name="PPRD_BE_B2C" time="0.0">
    <ignored/>
  </testcase> <!-- PPRD_BE_B2C -->
  <testcase classname="FO_Testcases.OnewayBasicBookflow" name="SIT_FR_B2C" time="0.0">
    <ignored/>
  </testcase> <!-- SIT_FR_B2C -->
  <testcase classname="FO_Testcases.OnewayBasicBookflow" name="PPRD_MA_Inhouse" time="0.0">
    <ignored/>
  </testcase> <!-- PPRD_MA_Inhouse -->
  <testcase classname="FO_Testcases.OnewayBasicBookflow" name="PPRD_FR_B2C" time="0.0">
    <ignored/>
  </testcase> <!-- PPRD_FR_B2C -->
  <testcase classname="FO_Testcases.OnewayBasicBookflow" name="SIT_BE_B2C" time="0.0">
    <ignored/>
  </testcase> <!-- SIT_BE_B2C -->
  <testcase classname="FO_Testcases.OnewayBasicBookflow" name="SIT_NL_B2C" time="0.0">
    <ignored/>
  </testcase> <!-- SIT_NL_B2C -->
  <testcase classname="FO_Testcases.OnewayBasicBookflow" name="PPRD_BE_Inhouse" time="0.0">
    <ignored/>
  </testcase> <!-- PPRD_BE_Inhouse -->
  <testcase classname="FO_Testcases.OnewayBasicBookflow" name="SIT_BE_3PA" time="0.0">
    <ignored/>
  </testcase> <!-- SIT_BE_3PA -->
  <testcase classname="FO_Testcases.OnewayBasicBookflow" name="SIT_MA_B2C" time="0.0">
    <ignored/>
  </testcase> <!-- SIT_MA_B2C -->
  <testcase classname="FO_Testcases.OnewayBasicBookflow" name="PPRD_MA_B2C" time="0.0">
    <ignored/>
  </testcase> <!-- PPRD_MA_B2C -->
  <testcase classname="FO_Testcases.OnewayBasicBookflow" name="PPRD_NL_B2C" time="0.0">
    <ignored/>
  </testcase> <!-- PPRD_NL_B2C -->
  <testcase classname="FO_Testcases.OnewayBasicBookflow" name="SIT_NL_B2C_Test" time="0.0">
    <ignored/>
  </testcase> <!-- SIT_NL_B2C_Test -->
  <testcase classname="FO_Testcases.OnewayBasicBookflow" name="SIT_NL_Inhouse" time="0.0">
    <ignored/>
  </testcase> <!-- SIT_NL_Inhouse -->
  <testcase classname="FO_Testcases.OnewayBasicBookflow" name="SIT_MA_3PA" time="0.0">
    <ignored/>
  </testcase> <!-- SIT_MA_3PA -->
  <testcase classname="FO_Testcases.OnewayBasicBookflow" name="PPRD_MA_3PA" time="0.0">
    <ignored/>
  </testcase> <!-- PPRD_MA_3PA -->
  <testcase classname="FO_Testcases.OnewayBasicBookflow" name="SIT_BE_Inhouse" time="0.0">
    <ignored/>
  </testcase> <!-- SIT_BE_Inhouse -->
</testsuite> <!-- B2C_Smoke -->
