<?xml version="1.0" encoding="UTF-8"?>
<!-- Generated by org.testng.reporters.JUnitXMLReporter -->
<testsuite ignored="19" hostname="HYDNB884" failures="1" tests="2" name="FO_Testcases.TwowayWithAdults" time="17.123" errors="0" timestamp="2023-08-01T10:39:00 IST">
  <testcase classname="FO_Testcases.MMBflow" name="MMB_PPRD_BE_3PA" time="9.26">
    <skipped/>
  </testcase> <!-- MMB_PPRD_BE_3PA -->
  <testcase classname="FO_Testcases.MMBflow" name="MMB_PPRD_BE_3PA" time="7.665">
    <failure type="java.lang.IllegalArgumentException" message="Keys to send should be a not null CharSequence">
      <![CDATA[java.lang.IllegalArgumentException: Keys to send should be a not null CharSequence
at org.openqa.selenium.remote.RemoteWebElement.sendKeys(RemoteWebElement.java:97)
at FO_MMB.MMBWebsite.MMBLogin_NonB2C(MMBWebsite.java:381)
at FO_MMB.MMBWebsite.RelaunchThirdPartyWebsite(MMBWebsite.java:249)
at FO_MMB.MMBWebsite.MMB_WebsiteLaunchAndBookingDetails_3PA(MMBWebsite.java:230)
at FO_MMB.MMBWebsite.MMB_MMBHomepage(MMBWebsite.java:59)
at TestComponents.LaunchBrowser.TargetedMMB(LaunchBrowser.java:120)
at FO_Testcases.MMBflow.MMB_PPRD_BE_3PA(MMBflow.java:244)
at java.base/java.util.ArrayList.forEach(ArrayList.java:1511)
at java.base/java.util.concurrent.FutureTask.run(FutureTask.java:264)
at java.base/java.util.concurrent.ThreadPoolExecutor.runWorker(ThreadPoolExecutor.java:1136)
at java.base/java.util.concurrent.ThreadPoolExecutor$Worker.run(ThreadPoolExecutor.java:635)
at java.base/java.lang.Thread.run(Thread.java:833)
... Removed 17 stack frames]]>
    </failure>
  </testcase> <!-- MMB_PPRD_BE_3PA -->
  <testcase classname="FO_Testcases.MMBflow" name="MMB_SIT_BE_3PA" time="0.0">
    <ignored/>
  </testcase> <!-- MMB_SIT_BE_3PA -->
  <testcase classname="FO_Testcases.MMBflow" name="MMB_PPRD_NL_Inhouse" time="0.0">
    <ignored/>
  </testcase> <!-- MMB_PPRD_NL_Inhouse -->
  <testcase classname="FO_Testcases.MMBflow" name="MMB_PPRD_MA_B2C" time="0.0">
    <ignored/>
  </testcase> <!-- MMB_PPRD_MA_B2C -->
  <testcase classname="FO_Testcases.MMBflow" name="MMB_PPRD_NL_B2C" time="0.0">
    <ignored/>
  </testcase> <!-- MMB_PPRD_NL_B2C -->
  <testcase classname="FO_Testcases.MMBflow" name="MMB_PPRD_FR_B2C" time="0.0">
    <ignored/>
  </testcase> <!-- MMB_PPRD_FR_B2C -->
  <testcase classname="FO_Testcases.MMBflow" name="MMB_SIT_BE_B2C" time="0.0">
    <ignored/>
  </testcase> <!-- MMB_SIT_BE_B2C -->
  <testcase classname="FO_Testcases.MMBflow" name="MMB_PPRD_MA_Inhouse" time="0.0">
    <ignored/>
  </testcase> <!-- MMB_PPRD_MA_Inhouse -->
  <testcase classname="FO_Testcases.MMBflow" name="MMB_PPRD_BE_B2C" time="0.0">
    <ignored/>
  </testcase> <!-- MMB_PPRD_BE_B2C -->
  <testcase classname="FO_Testcases.MMBflow" name="MMB_SIT_NL_B2C" time="0.0">
    <ignored/>
  </testcase> <!-- MMB_SIT_NL_B2C -->
  <testcase classname="FO_Testcases.MMBflow" name="MMB_PPRD_NL_3PA" time="0.0">
    <ignored/>
  </testcase> <!-- MMB_PPRD_NL_3PA -->
  <testcase classname="FO_Testcases.MMBflow" name="MMB_SIT_MA_Inhouse" time="0.0">
    <ignored/>
  </testcase> <!-- MMB_SIT_MA_Inhouse -->
  <testcase classname="FO_Testcases.MMBflow" name="MMB_SIT_MA_B2C" time="0.0">
    <ignored/>
  </testcase> <!-- MMB_SIT_MA_B2C -->
  <testcase classname="FO_Testcases.MMBflow" name="MMB_SIT_FR_B2C" time="0.0">
    <ignored/>
  </testcase> <!-- MMB_SIT_FR_B2C -->
  <testcase classname="FO_Testcases.MMBflow" name="MMB_PPRD_BE_Inhouse" time="0.0">
    <ignored/>
  </testcase> <!-- MMB_PPRD_BE_Inhouse -->
  <testcase classname="FO_Testcases.MMBflow" name="MMB_SIT_NL_3PA" time="0.0">
    <ignored/>
  </testcase> <!-- MMB_SIT_NL_3PA -->
  <testcase classname="FO_Testcases.MMBflow" name="MMB_SIT_BE_Inhouse" time="0.0">
    <ignored/>
  </testcase> <!-- MMB_SIT_BE_Inhouse -->
  <testcase classname="FO_Testcases.MMBflow" name="MMB_SIT_MA_3PA" time="0.0">
    <ignored/>
  </testcase> <!-- MMB_SIT_MA_3PA -->
  <testcase classname="FO_Testcases.MMBflow" name="MMB_PPRD_MA_3PA" time="0.0">
    <ignored/>
  </testcase> <!-- MMB_PPRD_MA_3PA -->
  <testcase classname="FO_Testcases.MMBflow" name="MMB_SIT_NL_Inhouse" time="0.0">
    <ignored/>
  </testcase> <!-- MMB_SIT_NL_Inhouse -->
</testsuite> <!-- FO_Testcases.TwowayWithAdults -->
