<?xml version="1.0" encoding="UTF-8"?>
<!-- Generated by org.testng.reporters.JUnitXMLReporter -->
<testsuite ignored="18" hostname="HYDNB884" failures="2" tests="4" name="PPRD Smoketest MMB" time="191.882" errors="0" timestamp="2023-08-01T11:00:16 IST">
  <testcase classname="FO_Testcases.MMBflow" name="MMB_PPRD_NL_Inhouse" time="64.196">
    <skipped/>
  </testcase> <!-- MMB_PPRD_NL_Inhouse -->
  <testcase classname="FO_Testcases.MMBflow" name="MMB_PPRD_NL_Inhouse" time="64.232">
    <failure type="java.lang.IllegalArgumentException" message="Keys to send should be a not null CharSequence">
      <![CDATA[java.lang.IllegalArgumentException: Keys to send should be a not null CharSequence
at org.openqa.selenium.remote.RemoteWebElement.sendKeys(RemoteWebElement.java:97)
at FO_MMB.MMBWebsite.MMBLogin_NonB2C(MMBWebsite.java:381)
at FO_MMB.MMBWebsite.MMB_WebsiteLaunchAndBookingDetails_Inhouse(MMBWebsite.java:185)
at FO_MMB.MMBWebsite.MMB_MMBHomepage(MMBWebsite.java:54)
at TestComponents.LaunchBrowser.TargetedMMB(LaunchBrowser.java:120)
at FO_Testcases.MMBflow.MMB_PPRD_NL_Inhouse(MMBflow.java:218)
at java.base/java.util.ArrayList.forEach(ArrayList.java:1511)
... Removed 27 stack frames]]>
    </failure>
  </testcase> <!-- MMB_PPRD_NL_Inhouse -->
  <testcase classname="FO_Testcases.MMBflow" name="MMB_PPRD_BE_3PA" time="29.785">
    <skipped/>
  </testcase> <!-- MMB_PPRD_BE_3PA -->
  <testcase classname="FO_Testcases.MMBflow" name="MMB_PPRD_BE_3PA" time="32.883">
    <failure type="org.openqa.selenium.NoSuchElementException" message="no such element: Unable to locate element: {&amp;quot;method&amp;quot;:&amp;quot;xpath&amp;quot;,&amp;quot;selector&amp;quot;:&amp;quot;//input[@name=&amp;apos;bookingRefereneceId&amp;apos;]&amp;quot;}
  (Session info: chrome=115.0.5790.110)
For documentation on this error, please visit: https://www.selenium.dev/documentation/webdriver/troubleshooting/errors#no-such-element-exception
Build info: version: &amp;apos;4.10.0&amp;apos;, revision: &amp;apos;c14d967899&amp;apos;
System info: os.name: &amp;apos;Windows 11&amp;apos;, os.arch: &amp;apos;amd64&amp;apos;, os.version: &amp;apos;10.0&amp;apos;, java.version: &amp;apos;17.0.6&amp;apos;
Driver info: org.openqa.selenium.chrome.ChromeDriver
Command: [5f06b4d5b2b4abc704ff7f6a5c0be396, findElement {using=xpath, value=//input[@name=&amp;apos;bookingRefereneceId&amp;apos;]}]
Capabilities {acceptInsecureCerts: false, browserName: chrome, browserVersion: 115.0.5790.110, chrome: {chromedriverVersion: 115.0.5790.102 (90efd4b0ad6..., userDataDir: C:\WINDOWS\SystemTemp\scope...}, goog:chromeOptions: {debuggerAddress: localhost:59354}, networkConnectionEnabled: false, pageLoadStrategy: normal, platformName: windows, proxy: Proxy(), se:cdp: ws://localhost:59354/devtoo..., se:cdpVersion: 115.0.5790.110, setWindowRect: true, strictFileInteractability: false, timeouts: {implicit: 0, pageLoad: 300000, script: 30000}, unhandledPromptBehavior: dismiss and notify, webauthn:extension:credBlob: true, webauthn:extension:largeBlob: true, webauthn:extension:minPinLength: true, webauthn:extension:prf: true, webauthn:virtualAuthenticators: true}
Session ID: 5f06b4d5b2b4abc704ff7f6a5c0be396">
      <![CDATA[org.openqa.selenium.NoSuchElementException: no such element: Unable to locate element: {"method":"xpath","selector":"//input[@name='bookingRefereneceId']"}
  (Session info: chrome=115.0.5790.110)
For documentation on this error, please visit: https://www.selenium.dev/documentation/webdriver/troubleshooting/errors#no-such-element-exception
Build info: version: '4.10.0', revision: 'c14d967899'
System info: os.name: 'Windows 11', os.arch: 'amd64', os.version: '10.0', java.version: '17.0.6'
Driver info: org.openqa.selenium.chrome.ChromeDriver
Command: [5f06b4d5b2b4abc704ff7f6a5c0be396, findElement {using=xpath, value=//input[@name='bookingRefereneceId']}]
Capabilities {acceptInsecureCerts: false, browserName: chrome, browserVersion: 115.0.5790.110, chrome: {chromedriverVersion: 115.0.5790.102 (90efd4b0ad6..., userDataDir: C:\WINDOWS\SystemTemp\scope...}, goog:chromeOptions: {debuggerAddress: localhost:59354}, networkConnectionEnabled: false, pageLoadStrategy: normal, platformName: windows, proxy: Proxy(), se:cdp: ws://localhost:59354/devtoo..., se:cdpVersion: 115.0.5790.110, setWindowRect: true, strictFileInteractability: false, timeouts: {implicit: 0, pageLoad: 300000, script: 30000}, unhandledPromptBehavior: dismiss and notify, webauthn:extension:credBlob: true, webauthn:extension:largeBlob: true, webauthn:extension:minPinLength: true, webauthn:extension:prf: true, webauthn:virtualAuthenticators: true}
Session ID: 5f06b4d5b2b4abc704ff7f6a5c0be396
at org.openqa.selenium.remote.codec.w3c.W3CHttpResponseCodec.createException(W3CHttpResponseCodec.java:199)
at org.openqa.selenium.remote.codec.w3c.W3CHttpResponseCodec.decode(W3CHttpResponseCodec.java:132)
at org.openqa.selenium.remote.codec.w3c.W3CHttpResponseCodec.decode(W3CHttpResponseCodec.java:51)
at org.openqa.selenium.remote.HttpCommandExecutor.execute(HttpCommandExecutor.java:191)
at org.openqa.selenium.remote.service.DriverCommandExecutor.invokeExecute(DriverCommandExecutor.java:196)
at org.openqa.selenium.remote.service.DriverCommandExecutor.execute(DriverCommandExecutor.java:171)
at org.openqa.selenium.remote.RemoteWebDriver.execute(RemoteWebDriver.java:531)
at org.openqa.selenium.remote.ElementLocation$ElementFinder$2.findElement(ElementLocation.java:165)
at org.openqa.selenium.remote.ElementLocation.findElement(ElementLocation.java:59)
at org.openqa.selenium.remote.RemoteWebDriver.findElement(RemoteWebDriver.java:350)
at org.openqa.selenium.remote.RemoteWebDriver.findElement(RemoteWebDriver.java:344)
at FO_MMB.MMBWebsite.MMBLogin_NonB2C(MMBWebsite.java:381)
at FO_MMB.MMBWebsite.MMB_MMBHomepage(MMBWebsite.java:61)
at TestComponents.LaunchBrowser.TargetedMMB(LaunchBrowser.java:120)
at FO_Testcases.MMBflow.MMB_PPRD_BE_3PA(MMBflow.java:244)
at java.base/java.util.ArrayList.forEach(ArrayList.java:1511)
... Removed 32 stack frames]]>
    </failure>
  </testcase> <!-- MMB_PPRD_BE_3PA -->
  <testcase classname="FO_Testcases.MMBflow" name="MMB_SIT_NL_3PA" time="0.0">
    <ignored/>
  </testcase> <!-- MMB_SIT_NL_3PA -->
  <testcase classname="FO_Testcases.MMBflow" name="MMB_PPRD_FR_B2C" time="0.0">
    <ignored/>
  </testcase> <!-- MMB_PPRD_FR_B2C -->
  <testcase classname="FO_Testcases.MMBflow" name="MMB_PPRD_NL_B2C" time="0.0">
    <ignored/>
  </testcase> <!-- MMB_PPRD_NL_B2C -->
  <testcase classname="FO_Testcases.MMBflow" name="MMB_SIT_MA_3PA" time="0.0">
    <ignored/>
  </testcase> <!-- MMB_SIT_MA_3PA -->
  <testcase classname="FO_Testcases.MMBflow" name="MMB_SIT_NL_B2C" time="0.0">
    <ignored/>
  </testcase> <!-- MMB_SIT_NL_B2C -->
  <testcase classname="FO_Testcases.MMBflow" name="MMB_PPRD_NL_3PA" time="0.0">
    <ignored/>
  </testcase> <!-- MMB_PPRD_NL_3PA -->
  <testcase classname="FO_Testcases.MMBflow" name="MMB_PPRD_MA_B2C" time="0.0">
    <ignored/>
  </testcase> <!-- MMB_PPRD_MA_B2C -->
  <testcase classname="FO_Testcases.MMBflow" name="MMB_PPRD_MA_3PA" time="0.0">
    <ignored/>
  </testcase> <!-- MMB_PPRD_MA_3PA -->
  <testcase classname="FO_Testcases.MMBflow" name="MMB_SIT_NL_Inhouse" time="0.0">
    <ignored/>
  </testcase> <!-- MMB_SIT_NL_Inhouse -->
  <testcase classname="FO_Testcases.MMBflow" name="MMB_SIT_BE_Inhouse" time="0.0">
    <ignored/>
  </testcase> <!-- MMB_SIT_BE_Inhouse -->
  <testcase classname="FO_Testcases.MMBflow" name="MMB_SIT_FR_B2C" time="0.0">
    <ignored/>
  </testcase> <!-- MMB_SIT_FR_B2C -->
  <testcase classname="FO_Testcases.MMBflow" name="MMB_SIT_MA_Inhouse" time="0.0">
    <ignored/>
  </testcase> <!-- MMB_SIT_MA_Inhouse -->
  <testcase classname="FO_Testcases.MMBflow" name="MMB_SIT_MA_B2C" time="0.0">
    <ignored/>
  </testcase> <!-- MMB_SIT_MA_B2C -->
  <testcase classname="FO_Testcases.MMBflow" name="MMB_PPRD_BE_Inhouse" time="0.0">
    <ignored/>
  </testcase> <!-- MMB_PPRD_BE_Inhouse -->
  <testcase classname="FO_Testcases.MMBflow" name="MMB_SIT_BE_B2C" time="0.0">
    <ignored/>
  </testcase> <!-- MMB_SIT_BE_B2C -->
  <testcase classname="FO_Testcases.MMBflow" name="MMB_PPRD_BE_B2C" time="0.0">
    <ignored/>
  </testcase> <!-- MMB_PPRD_BE_B2C -->
  <testcase classname="FO_Testcases.MMBflow" name="MMB_PPRD_MA_Inhouse" time="0.0">
    <ignored/>
  </testcase> <!-- MMB_PPRD_MA_Inhouse -->
  <testcase classname="FO_Testcases.MMBflow" name="MMB_SIT_BE_3PA" time="0.0">
    <ignored/>
  </testcase> <!-- MMB_SIT_BE_3PA -->
</testsuite> <!-- PPRD Smoketest MMB -->
