<?xml version="1.0" encoding="UTF-8"?>
<!-- Generated by org.testng.reporters.JUnitXMLReporter -->
<testsuite ignored="19" hostname="HYDNB884" failures="1" tests="2" name="PPRD Smoketest Bookflow" time="277.583" errors="0" timestamp="2023-08-03T16:38:48 IST">
  <testcase classname="FO_Testcases.TwowayWithAdults" name="PPRD_NL_B2C" time="226.666">
    <skipped/>
  </testcase> <!-- PPRD_NL_B2C -->
  <testcase classname="FO_Testcases.TwowayWithAdults" name="PPRD_NL_B2C" time="50.445">
    <failure type="org.openqa.selenium.ElementClickInterceptedException" message="element click intercepted: Element &amp;lt;button type=&amp;quot;&amp;quot; role=&amp;quot;button&amp;quot; aria-label=&amp;quot;extra options continue button&amp;quot; class=&amp;quot;buttons__button buttons__primary buttons__fill&amp;quot;&amp;gt;...&amp;lt;/button&amp;gt; is not clickable at point (1082, 530). Other element would receive the click: &amp;lt;div class=&amp;quot;LoadingSpinner__overlay&amp;quot; aria-busy=&amp;quot;true&amp;quot;&amp;gt;...&amp;lt;/div&amp;gt;
  (Session info: chrome=115.0.5790.110)
Build info: version: &amp;apos;4.10.0&amp;apos;, revision: &amp;apos;c14d967899&amp;apos;
System info: os.name: &amp;apos;Windows 11&amp;apos;, os.arch: &amp;apos;amd64&amp;apos;, os.version: &amp;apos;10.0&amp;apos;, java.version: &amp;apos;17.0.6&amp;apos;
Driver info: org.openqa.selenium.chrome.ChromeDriver
Command: [cd87f0f789f234321adb103cdd891cc2, clickElement {id=2D32D21B472E54E39C76F3F2DA2F4BBB_element_258}]
Capabilities {acceptInsecureCerts: false, browserName: chrome, browserVersion: 115.0.5790.110, chrome: {chromedriverVersion: 115.0.5790.170 (cc0d30c2ca5..., userDataDir: C:\WINDOWS\SystemTemp\scope...}, goog:chromeOptions: {debuggerAddress: localhost:54166}, networkConnectionEnabled: false, pageLoadStrategy: normal, platformName: windows, proxy: Proxy(), se:cdp: ws://localhost:54166/devtoo..., se:cdpVersion: 115.0.5790.110, setWindowRect: true, strictFileInteractability: false, timeouts: {implicit: 0, pageLoad: 300000, script: 30000}, unhandledPromptBehavior: dismiss and notify, webauthn:extension:credBlob: true, webauthn:extension:largeBlob: true, webauthn:extension:minPinLength: true, webauthn:extension:prf: true, webauthn:virtualAuthenticators: true}
Element: [[ChromeDriver: chrome on windows (cd87f0f789f234321adb103cdd891cc2)] -&amp;gt; xpath: //button[@aria-label=&amp;apos;extra options continue button&amp;apos;]]
Session ID: cd87f0f789f234321adb103cdd891cc2">
      <![CDATA[org.openqa.selenium.ElementClickInterceptedException: element click intercepted: Element <button type="" role="button" aria-label="extra options continue button" class="buttons__button buttons__primary buttons__fill">...</button> is not clickable at point (1082, 530). Other element would receive the click: <div class="LoadingSpinner__overlay" aria-busy="true">...</div>
  (Session info: chrome=115.0.5790.110)
Build info: version: '4.10.0', revision: 'c14d967899'
System info: os.name: 'Windows 11', os.arch: 'amd64', os.version: '10.0', java.version: '17.0.6'
Driver info: org.openqa.selenium.chrome.ChromeDriver
Command: [cd87f0f789f234321adb103cdd891cc2, clickElement {id=2D32D21B472E54E39C76F3F2DA2F4BBB_element_258}]
Capabilities {acceptInsecureCerts: false, browserName: chrome, browserVersion: 115.0.5790.110, chrome: {chromedriverVersion: 115.0.5790.170 (cc0d30c2ca5..., userDataDir: C:\WINDOWS\SystemTemp\scope...}, goog:chromeOptions: {debuggerAddress: localhost:54166}, networkConnectionEnabled: false, pageLoadStrategy: normal, platformName: windows, proxy: Proxy(), se:cdp: ws://localhost:54166/devtoo..., se:cdpVersion: 115.0.5790.110, setWindowRect: true, strictFileInteractability: false, timeouts: {implicit: 0, pageLoad: 300000, script: 30000}, unhandledPromptBehavior: dismiss and notify, webauthn:extension:credBlob: true, webauthn:extension:largeBlob: true, webauthn:extension:minPinLength: true, webauthn:extension:prf: true, webauthn:virtualAuthenticators: true}
Element: [[ChromeDriver: chrome on windows (cd87f0f789f234321adb103cdd891cc2)] -> xpath: //button[@aria-label='extra options continue button']]
Session ID: cd87f0f789f234321adb103cdd891cc2
at org.openqa.selenium.remote.codec.w3c.W3CHttpResponseCodec.createException(W3CHttpResponseCodec.java:199)
at org.openqa.selenium.remote.codec.w3c.W3CHttpResponseCodec.decode(W3CHttpResponseCodec.java:132)
at org.openqa.selenium.remote.codec.w3c.W3CHttpResponseCodec.decode(W3CHttpResponseCodec.java:51)
at org.openqa.selenium.remote.HttpCommandExecutor.execute(HttpCommandExecutor.java:191)
at org.openqa.selenium.remote.service.DriverCommandExecutor.invokeExecute(DriverCommandExecutor.java:196)
at org.openqa.selenium.remote.service.DriverCommandExecutor.execute(DriverCommandExecutor.java:171)
at org.openqa.selenium.remote.RemoteWebDriver.execute(RemoteWebDriver.java:531)
at org.openqa.selenium.remote.RemoteWebElement.execute(RemoteWebElement.java:242)
at org.openqa.selenium.remote.RemoteWebElement.click(RemoteWebElement.java:77)
at FO_BookFlow.FlightoptionsPage.FlightExtras(FlightoptionsPage.java:83)
at FO_Testcases.TwowayWithAdults.PPRD_NL_B2C(TwowayWithAdults.java:307)
at java.base/java.util.ArrayList.forEach(ArrayList.java:1511)
... Removed 32 stack frames]]>
    </failure>
  </testcase> <!-- PPRD_NL_B2C -->
  <testcase classname="FO_Testcases.TwowayWithAdults" name="SIT_BE_3PA" time="0.0">
    <ignored/>
  </testcase> <!-- SIT_BE_3PA -->
  <testcase classname="FO_Testcases.TwowayWithAdults" name="SIT_NL_Inhouse" time="0.0">
    <ignored/>
  </testcase> <!-- SIT_NL_Inhouse -->
  <testcase classname="FO_Testcases.TwowayWithAdults" name="SIT_MA_3PA" time="0.0">
    <ignored/>
  </testcase> <!-- SIT_MA_3PA -->
  <testcase classname="FO_Testcases.TwowayWithAdults" name="PPRD_MA_3PA" time="0.0">
    <ignored/>
  </testcase> <!-- PPRD_MA_3PA -->
  <testcase classname="FO_Testcases.TwowayWithAdults" name="PPRD_NL_Inhouse" time="0.0">
    <ignored/>
  </testcase> <!-- PPRD_NL_Inhouse -->
  <testcase classname="FO_Testcases.TwowayWithAdults" name="PPRD_BE_3PA" time="0.0">
    <ignored/>
  </testcase> <!-- PPRD_BE_3PA -->
  <testcase classname="FO_Testcases.TwowayWithAdults" name="PPRD_MA_Inhouse" time="0.0">
    <ignored/>
  </testcase> <!-- PPRD_MA_Inhouse -->
  <testcase classname="FO_Testcases.TwowayWithAdults" name="SIT_NL_B2C" time="0.0">
    <ignored/>
  </testcase> <!-- SIT_NL_B2C -->
  <testcase classname="FO_Testcases.TwowayWithAdults" name="PPRD_NL_3PA" time="0.0">
    <ignored/>
  </testcase> <!-- PPRD_NL_3PA -->
  <testcase classname="FO_Testcases.TwowayWithAdults" name="PPRD_BE_Inhouse" time="0.0">
    <ignored/>
  </testcase> <!-- PPRD_BE_Inhouse -->
  <testcase classname="FO_Testcases.TwowayWithAdults" name="SIT_MA_Inhouse" time="0.0">
    <ignored/>
  </testcase> <!-- SIT_MA_Inhouse -->
  <testcase classname="FO_Testcases.TwowayWithAdults" name="SIT_BE_Inhouse" time="0.0">
    <ignored/>
  </testcase> <!-- SIT_BE_Inhouse -->
  <testcase classname="FO_Testcases.TwowayWithAdults" name="SIT_NL_3PA" time="0.0">
    <ignored/>
  </testcase> <!-- SIT_NL_3PA -->
  <testcase classname="FO_Testcases.TwowayWithAdults" name="PPRD_FR_B2C" time="0.0">
    <ignored/>
  </testcase> <!-- PPRD_FR_B2C -->
  <testcase classname="FO_Testcases.TwowayWithAdults" name="SIT_FR_B2C" time="0.0">
    <ignored/>
  </testcase> <!-- SIT_FR_B2C -->
  <testcase classname="FO_Testcases.TwowayWithAdults" name="SIT_MA_B2C" time="0.0">
    <ignored/>
  </testcase> <!-- SIT_MA_B2C -->
  <testcase classname="FO_Testcases.TwowayWithAdults" name="SIT_BE_B2C" time="0.0">
    <ignored/>
  </testcase> <!-- SIT_BE_B2C -->
  <testcase classname="FO_Testcases.TwowayWithAdults" name="PPRD_BE_B2C" time="0.0">
    <ignored/>
  </testcase> <!-- PPRD_BE_B2C -->
  <testcase classname="FO_Testcases.TwowayWithAdults" name="PPRD_MA_B2C" time="0.0">
    <ignored/>
  </testcase> <!-- PPRD_MA_B2C -->
</testsuite> <!-- PPRD Smoketest Bookflow -->
