<?xml version="1.0" encoding="UTF-8"?>
<!-- Generated by org.testng.reporters.JUnitXMLReporter -->
<testsuite ignored="19" hostname="HYDNB884" failures="1" tests="1" name="PPRD Smoketest Bookflow" time="78.019" errors="0" timestamp="2023-08-03T09:25:18 IST">
  <testcase classname="FO_Testcases.TwowayWithAdults" name="PPRD_NL_Inhouse" time="77.709">
    <failure type="org.openqa.selenium.NoSuchElementException" message="no such element: Unable to locate element: {&amp;quot;method&amp;quot;:&amp;quot;css selector&amp;quot;,&amp;quot;selector&amp;quot;:&amp;quot;div[class=&amp;apos;contentBlock__3461a9&amp;apos;] div:nth-child(1) &amp;gt; div:nth-child(1) &amp;gt; div:nth-child(1) [data-test-id=&amp;apos;outbound__GOLF&amp;apos;] div[class=&amp;apos;checkboxToggle___qi978 checkboxIcon___q5gnc&amp;apos;]&amp;quot;}
  (Session info: chrome=115.0.5790.110)
For documentation on this error, please visit: https://www.selenium.dev/documentation/webdriver/troubleshooting/errors#no-such-element-exception
Build info: version: &amp;apos;4.10.0&amp;apos;, revision: &amp;apos;c14d967899&amp;apos;
System info: os.name: &amp;apos;Windows 11&amp;apos;, os.arch: &amp;apos;amd64&amp;apos;, os.version: &amp;apos;10.0&amp;apos;, java.version: &amp;apos;17.0.6&amp;apos;
Driver info: org.openqa.selenium.chrome.ChromeDriver
Command: [b0e1212affd56a2cdc0edb46de0e7dd2, findElementFromShadowRoot {shadowId=D880030D8BBA4112D314505A50E2B47C_element_182, using=css selector, value=div[class=&amp;apos;contentBlock__3461a9&amp;apos;] div:nth-child(1) &amp;gt; div:nth-child(1) &amp;gt; div:nth-child(1) [data-test-id=&amp;apos;outbound__GOLF&amp;apos;] div[class=&amp;apos;checkboxToggle___qi978 checkboxIcon___q5gnc&amp;apos;]}]
Capabilities {acceptInsecureCerts: false, browserName: chrome, browserVersion: 115.0.5790.110, chrome: {chromedriverVersion: 115.0.5790.170 (cc0d30c2ca5..., userDataDir: C:\WINDOWS\SystemTemp\scope...}, goog:chromeOptions: {debuggerAddress: localhost:51383}, networkConnectionEnabled: false, pageLoadStrategy: normal, platformName: windows, proxy: Proxy(), se:cdp: ws://localhost:51383/devtoo..., se:cdpVersion: 115.0.5790.110, setWindowRect: true, strictFileInteractability: false, timeouts: {implicit: 0, pageLoad: 300000, script: 30000}, unhandledPromptBehavior: dismiss and notify, webauthn:extension:credBlob: true, webauthn:extension:largeBlob: true, webauthn:extension:minPinLength: true, webauthn:extension:prf: true, webauthn:virtualAuthenticators: true}
Session ID: b0e1212affd56a2cdc0edb46de0e7dd2">
      <![CDATA[org.openqa.selenium.NoSuchElementException: no such element: Unable to locate element: {"method":"css selector","selector":"div[class='contentBlock__3461a9'] div:nth-child(1) > div:nth-child(1) > div:nth-child(1) [data-test-id='outbound__GOLF'] div[class='checkboxToggle___qi978 checkboxIcon___q5gnc']"}
  (Session info: chrome=115.0.5790.110)
For documentation on this error, please visit: https://www.selenium.dev/documentation/webdriver/troubleshooting/errors#no-such-element-exception
Build info: version: '4.10.0', revision: 'c14d967899'
System info: os.name: 'Windows 11', os.arch: 'amd64', os.version: '10.0', java.version: '17.0.6'
Driver info: org.openqa.selenium.chrome.ChromeDriver
Command: [b0e1212affd56a2cdc0edb46de0e7dd2, findElementFromShadowRoot {shadowId=D880030D8BBA4112D314505A50E2B47C_element_182, using=css selector, value=div[class='contentBlock__3461a9'] div:nth-child(1) > div:nth-child(1) > div:nth-child(1) [data-test-id='outbound__GOLF'] div[class='checkboxToggle___qi978 checkboxIcon___q5gnc']}]
Capabilities {acceptInsecureCerts: false, browserName: chrome, browserVersion: 115.0.5790.110, chrome: {chromedriverVersion: 115.0.5790.170 (cc0d30c2ca5..., userDataDir: C:\WINDOWS\SystemTemp\scope...}, goog:chromeOptions: {debuggerAddress: localhost:51383}, networkConnectionEnabled: false, pageLoadStrategy: normal, platformName: windows, proxy: Proxy(), se:cdp: ws://localhost:51383/devtoo..., se:cdpVersion: 115.0.5790.110, setWindowRect: true, strictFileInteractability: false, timeouts: {implicit: 0, pageLoad: 300000, script: 30000}, unhandledPromptBehavior: dismiss and notify, webauthn:extension:credBlob: true, webauthn:extension:largeBlob: true, webauthn:extension:minPinLength: true, webauthn:extension:prf: true, webauthn:virtualAuthenticators: true}
Session ID: b0e1212affd56a2cdc0edb46de0e7dd2
at org.openqa.selenium.remote.codec.w3c.W3CHttpResponseCodec.createException(W3CHttpResponseCodec.java:199)
at org.openqa.selenium.remote.codec.w3c.W3CHttpResponseCodec.decode(W3CHttpResponseCodec.java:132)
at org.openqa.selenium.remote.codec.w3c.W3CHttpResponseCodec.decode(W3CHttpResponseCodec.java:51)
at org.openqa.selenium.remote.HttpCommandExecutor.execute(HttpCommandExecutor.java:191)
at org.openqa.selenium.remote.service.DriverCommandExecutor.invokeExecute(DriverCommandExecutor.java:196)
at org.openqa.selenium.remote.service.DriverCommandExecutor.execute(DriverCommandExecutor.java:171)
at org.openqa.selenium.remote.RemoteWebDriver.execute(RemoteWebDriver.java:531)
at org.openqa.selenium.remote.ElementLocation$ElementFinder$2.findElement(ElementLocation.java:165)
at org.openqa.selenium.remote.ElementLocation.findElement(ElementLocation.java:59)
at org.openqa.selenium.remote.RemoteWebDriver.findElement(RemoteWebDriver.java:350)
at org.openqa.selenium.remote.ShadowRoot.findElement(ShadowRoot.java:54)
at FO_BookFlow.FlightoptionsPage.SportsSelection(FlightoptionsPage.java:158)
at FO_BookFlow.FlightoptionsPage.FlightExtras(FlightoptionsPage.java:72)
at FO_Testcases.TwowayWithAdults.PPRD_NL_Inhouse(TwowayWithAdults.java:405)
at java.base/java.util.ArrayList.forEach(ArrayList.java:1511)
... Removed 32 stack frames]]>
    </failure>
  </testcase> <!-- PPRD_NL_Inhouse -->
  <testcase classname="FO_Testcases.TwowayWithAdults" name="SIT_BE_3PA" time="0.0">
    <ignored/>
  </testcase> <!-- SIT_BE_3PA -->
  <testcase classname="FO_Testcases.TwowayWithAdults" name="SIT_NL_Inhouse" time="0.0">
    <ignored/>
  </testcase> <!-- SIT_NL_Inhouse -->
  <testcase classname="FO_Testcases.TwowayWithAdults" name="SIT_MA_3PA" time="0.0">
    <ignored/>
  </testcase> <!-- SIT_MA_3PA -->
  <testcase classname="FO_Testcases.TwowayWithAdults" name="PPRD_MA_3PA" time="0.0">
    <ignored/>
  </testcase> <!-- PPRD_MA_3PA -->
  <testcase classname="FO_Testcases.TwowayWithAdults" name="PPRD_BE_3PA" time="0.0">
    <ignored/>
  </testcase> <!-- PPRD_BE_3PA -->
  <testcase classname="FO_Testcases.TwowayWithAdults" name="PPRD_MA_Inhouse" time="0.0">
    <ignored/>
  </testcase> <!-- PPRD_MA_Inhouse -->
  <testcase classname="FO_Testcases.TwowayWithAdults" name="PPRD_NL_B2C" time="0.0">
    <ignored/>
  </testcase> <!-- PPRD_NL_B2C -->
  <testcase classname="FO_Testcases.TwowayWithAdults" name="SIT_NL_B2C" time="0.0">
    <ignored/>
  </testcase> <!-- SIT_NL_B2C -->
  <testcase classname="FO_Testcases.TwowayWithAdults" name="PPRD_NL_3PA" time="0.0">
    <ignored/>
  </testcase> <!-- PPRD_NL_3PA -->
  <testcase classname="FO_Testcases.TwowayWithAdults" name="PPRD_BE_Inhouse" time="0.0">
    <ignored/>
  </testcase> <!-- PPRD_BE_Inhouse -->
  <testcase classname="FO_Testcases.TwowayWithAdults" name="SIT_MA_Inhouse" time="0.0">
    <ignored/>
  </testcase> <!-- SIT_MA_Inhouse -->
  <testcase classname="FO_Testcases.TwowayWithAdults" name="SIT_BE_Inhouse" time="0.0">
    <ignored/>
  </testcase> <!-- SIT_BE_Inhouse -->
  <testcase classname="FO_Testcases.TwowayWithAdults" name="SIT_NL_3PA" time="0.0">
    <ignored/>
  </testcase> <!-- SIT_NL_3PA -->
  <testcase classname="FO_Testcases.TwowayWithAdults" name="PPRD_FR_B2C" time="0.0">
    <ignored/>
  </testcase> <!-- PPRD_FR_B2C -->
  <testcase classname="FO_Testcases.TwowayWithAdults" name="SIT_FR_B2C" time="0.0">
    <ignored/>
  </testcase> <!-- SIT_FR_B2C -->
  <testcase classname="FO_Testcases.TwowayWithAdults" name="SIT_MA_B2C" time="0.0">
    <ignored/>
  </testcase> <!-- SIT_MA_B2C -->
  <testcase classname="FO_Testcases.TwowayWithAdults" name="SIT_BE_B2C" time="0.0">
    <ignored/>
  </testcase> <!-- SIT_BE_B2C -->
  <testcase classname="FO_Testcases.TwowayWithAdults" name="PPRD_BE_B2C" time="0.0">
    <ignored/>
  </testcase> <!-- PPRD_BE_B2C -->
  <testcase classname="FO_Testcases.TwowayWithAdults" name="PPRD_MA_B2C" time="0.0">
    <ignored/>
  </testcase> <!-- PPRD_MA_B2C -->
</testsuite> <!-- PPRD Smoketest Bookflow -->
