<?xml version="1.0" encoding="UTF-8"?>
<!-- Generated by org.testng.reporters.JUnitXMLReporter -->
<testsuite ignored="19" hostname="HYDNB884" failures="0" tests="1" name="PPRD Smoketest Bookflow" time="96.916" errors="0" timestamp="2023-08-04T16:01:45 IST">
  <testcase classname="FO_Testcases.TwowayWithAdults" name="PPRD_NL_B2C" time="96.868"/>
  <testcase classname="FO_Testcases.TwowayWithAdults" name="SIT_BE_3PA" time="0.0">
    <ignored/>
  </testcase> <!-- SIT_BE_3PA -->
  <testcase classname="FO_Testcases.TwowayWithAdults" name="SIT_NL_Inhouse" time="0.0">
    <ignored/>
  </testcase> <!-- SIT_NL_Inhouse -->
  <testcase classname="FO_Testcases.TwowayWithAdults" name="SIT_MA_3PA" time="0.0">
    <ignored/>
  </testcase> <!-- SIT_MA_3PA -->
  <testcase classname="FO_Testcases.TwowayWithAdults" name="PPRD_MA_3PA" time="0.0">
    <ignored/>
  </testcase> <!-- PPRD_MA_3PA -->
  <testcase classname="FO_Testcases.TwowayWithAdults" name="PPRD_NL_Inhouse" time="0.0">
    <ignored/>
  </testcase> <!-- PPRD_NL_Inhouse -->
  <testcase classname="FO_Testcases.TwowayWithAdults" name="PPRD_BE_3PA" time="0.0">
    <ignored/>
  </testcase> <!-- PPRD_BE_3PA -->
  <testcase classname="FO_Testcases.TwowayWithAdults" name="PPRD_MA_Inhouse" time="0.0">
    <ignored/>
  </testcase> <!-- PPRD_MA_Inhouse -->
  <testcase classname="FO_Testcases.TwowayWithAdults" name="SIT_NL_B2C" time="0.0">
    <ignored/>
  </testcase> <!-- SIT_NL_B2C -->
  <testcase classname="FO_Testcases.TwowayWithAdults" name="PPRD_NL_3PA" time="0.0">
    <ignored/>
  </testcase> <!-- PPRD_NL_3PA -->
  <testcase classname="FO_Testcases.TwowayWithAdults" name="PPRD_BE_Inhouse" time="0.0">
    <ignored/>
  </testcase> <!-- PPRD_BE_Inhouse -->
  <testcase classname="FO_Testcases.TwowayWithAdults" name="SIT_MA_Inhouse" time="0.0">
    <ignored/>
  </testcase> <!-- SIT_MA_Inhouse -->
  <testcase classname="FO_Testcases.TwowayWithAdults" name="SIT_BE_Inhouse" time="0.0">
    <ignored/>
  </testcase> <!-- SIT_BE_Inhouse -->
  <testcase classname="FO_Testcases.TwowayWithAdults" name="SIT_NL_3PA" time="0.0">
    <ignored/>
  </testcase> <!-- SIT_NL_3PA -->
  <testcase classname="FO_Testcases.TwowayWithAdults" name="PPRD_FR_B2C" time="0.0">
    <ignored/>
  </testcase> <!-- PPRD_FR_B2C -->
  <testcase classname="FO_Testcases.TwowayWithAdults" name="SIT_FR_B2C" time="0.0">
    <ignored/>
  </testcase> <!-- SIT_FR_B2C -->
  <testcase classname="FO_Testcases.TwowayWithAdults" name="SIT_MA_B2C" time="0.0">
    <ignored/>
  </testcase> <!-- SIT_MA_B2C -->
  <testcase classname="FO_Testcases.TwowayWithAdults" name="SIT_BE_B2C" time="0.0">
    <ignored/>
  </testcase> <!-- SIT_BE_B2C -->
  <testcase classname="FO_Testcases.TwowayWithAdults" name="PPRD_BE_B2C" time="0.0">
    <ignored/>
  </testcase> <!-- PPRD_BE_B2C -->
  <testcase classname="FO_Testcases.TwowayWithAdults" name="PPRD_MA_B2C" time="0.0">
    <ignored/>
  </testcase> <!-- PPRD_MA_B2C -->
</testsuite> <!-- PPRD Smoketest Bookflow -->
