<?xml version="1.0" encoding="UTF-8"?>
<testng-results ignored="0" total="1" passed="1" failed="0" skipped="0">
  <reporter-output>
  </reporter-output>
  <suite started-at="2023-08-04T16:00:07 IST" name="SmokeTest" finished-at="2023-08-04T16:01:44 IST" duration-ms="96916">
    <groups>
    </groups>
    <test started-at="2023-08-04T16:00:07 IST" name="PPRD Smoketest Bookflow" finished-at="2023-08-04T16:01:44 IST" duration-ms="96916">
      <class name="FO_Testcases.TwowayWithAdults">
        <test-method signature="PPRD_NL_B2C()[pri:0, instance:FO_Testcases.TwowayWithAdults@6138e79a]" started-at="2023-08-04T16:00:07 IST" name="PPRD_NL_B2C" finished-at="2023-08-04T16:01:44 IST" duration-ms="96868" status="PASS">
          <reporter-output>
          </reporter-output>
        </test-method> <!-- PPRD_NL_B2C -->
      </class> <!-- FO_Testcases.TwowayWithAdults -->
    </test> <!-- PPRD Smoketest Bookflow -->
  </suite> <!-- SmokeTest -->
</testng-results>
